Построение начато 30.06.2014 14:04:08.
     1>Проект "D:\Study\Programs\VCProjects\CourseProject\CourseProject\CourseProject.vcxproj" в узле 2 (целевые объекты build).
     1>InitializeBuildStatus:
         Обращение к "Debug\CourseProject.unsuccessfulbuild".
       ClCompile:
         Для всех выходных данных обновления не требуется.
         C:\Program Files\Microsoft Visual Studio 10.0\VC\bin\CL.exe /c /ZI /nologo /W3 /WX- /Od /Oy- /D WIN32 /D _DEBUG /D _WINDOWS /D _UNICODE /D UNICODE /Gm /EHsc /RTC1 /MDd /GS /fp:precise /Zc:wchar_t /Zc:forScope /Yu"StdAfx.h" /Fp"Debug\CourseProject.pch" /Fo"Debug\\" /Fd"Debug\vc100.pdb" /Gd /TP /analyze- /errorReport:prompt CourseProject.cpp
         CourseProject.cpp
     1>d:\study\programs\vcprojects\courseproject\courseproject\courseproject.cpp(232): warning C4996: 'fscanf': This function or variable may be unsafe. Consider using fscanf_s instead. To disable deprecation, use _CRT_SECURE_NO_WARNINGS. See online help for details.
                 c:\program files\microsoft visual studio 10.0\vc\include\stdio.h(253): см. объявление "fscanf"
     1>d:\study\programs\vcprojects\courseproject\courseproject\courseproject.cpp(640): warning C4996: 'swprintf': swprintf has been changed to conform with the ISO C standard, adding an extra character count parameter. To use traditional Microsoft swprintf, set _CRT_NON_CONFORMING_SWPRINTFS.
                 c:\program files\microsoft visual studio 10.0\vc\include\swprintf.inl(85): см. объявление "swprintf"
       ResourceCompile:
         Для всех выходных данных обновления не требуется.
       ManifestResourceCompile:
         Для всех выходных данных обновления не требуется.
       Link:
         C:\Program Files\Microsoft Visual Studio 10.0\VC\bin\link.exe /ERRORREPORT:PROMPT /OUT:"D:\Study\Programs\VCProjects\CourseProject\Debug\CourseProject.exe" /INCREMENTAL /NOLOGO kernel32.lib user32.lib gdi32.lib winspool.lib comdlg32.lib advapi32.lib shell32.lib ole32.lib oleaut32.lib uuid.lib odbc32.lib odbccp32.lib /MANIFEST /ManifestFile:"Debug\CourseProject.exe.intermediate.manifest" /MANIFESTUAC:"level='asInvoker' uiAccess='false'" /DEBUG /PDB:"D:\Study\Programs\VCProjects\CourseProject\Debug\CourseProject.pdb" /SUBSYSTEM:WINDOWS /TLBID:1 /DYNAMICBASE /NXCOMPAT /IMPLIB:"D:\Study\Programs\VCProjects\CourseProject\Debug\CourseProject.lib" /MACHINE:X86 Debug\CourseProject.res
         Debug\CourseProject.exe.embed.manifest.res
         Debug\CourseProject.obj
         Debug\lib.obj
         Debug\stdafx.obj
       Manifest:
         C:\Program Files\Microsoft SDKs\Windows\v7.0A\bin\mt.exe /nologo /verbose /out:"Debug\CourseProject.exe.embed.manifest" /manifest Debug\CourseProject.exe.intermediate.manifest
         Для всех выходных данных обновления не требуется.
       LinkEmbedManifest:
         Для всех выходных данных обновления не требуется.
         CourseProject.vcxproj -> D:\Study\Programs\VCProjects\CourseProject\Debug\CourseProject.exe
       FinalizeBuildStatus:
         Файл "Debug\CourseProject.unsuccessfulbuild" удаляется.
         Обращение к "Debug\CourseProject.lastbuildstate".
     1>Построение проекта "D:\Study\Programs\VCProjects\CourseProject\CourseProject\CourseProject.vcxproj" завершено (целевые объекты build).

Построение успешно завершено.

Затраченное время: 00:00:04.78
