Построение начато 19.06.2014 16:09:50.
     1>Проект "D:\Study\Programs\VCProjects\CourseProject\CourseProject\CourseProject.vcxproj" в узле 2 (целевые объекты build).
     1>InitializeBuildStatus:
         Создание "Release\CourseProject.unsuccessfulbuild", так как было задано "AlwaysCreate".
       ClCompile:
         Для всех выходных данных обновления не требуется.
         C:\Program Files\Microsoft Visual Studio 10.0\VC\bin\CL.exe /c /Zi /nologo /W3 /WX- /O2 /Oi /Oy- /GL /D WIN32 /D NDEBUG /D _WINDOWS /D _UNICODE /D UNICODE /Gm- /EHsc /MD /GS /Gy /fp:precise /Zc:wchar_t /Zc:forScope /Yu"StdAfx.h" /Fp"Release\CourseProject.pch" /Fo"Release\\" /Fd"Release\vc100.pdb" /Gd /TP /analyze- /errorReport:prompt CourseProject.cpp lib.cpp
         CourseProject.cpp
     1>CourseProject.cpp(232): warning C4996: 'fscanf': This function or variable may be unsafe. Consider using fscanf_s instead. To disable deprecation, use _CRT_SECURE_NO_WARNINGS. See online help for details.
                 C:\Program Files\Microsoft Visual Studio 10.0\VC\include\stdio.h(253): см. объявление "fscanf"
     1>CourseProject.cpp(640): warning C4996: 'swprintf': swprintf has been changed to conform with the ISO C standard, adding an extra character count parameter. To use traditional Microsoft swprintf, set _CRT_NON_CONFORMING_SWPRINTFS.
                 C:\Program Files\Microsoft Visual Studio 10.0\VC\include\swprintf.inl(85): см. объявление "swprintf"
         lib.cpp
     1>lib.cpp(114): warning C4244: аргумент: преобразование "int" в "float", возможна потеря данных
     1>lib.cpp(118): warning C4244: аргумент: преобразование "int" в "float", возможна потеря данных
     1>lib.cpp(211): warning C4305: инициализация: усечение из "double" к "float"
     1>lib.cpp(259): warning C4305: инициализация: усечение из "double" к "float"
     1>lib.cpp(287): warning C4305: инициализация: усечение из "double" к "float"
     1>lib.cpp(313): warning C4305: инициализация: усечение из "double" к "float"
     1>lib.cpp(327): warning C4996: 'fscanf': This function or variable may be unsafe. Consider using fscanf_s instead. To disable deprecation, use _CRT_SECURE_NO_WARNINGS. See online help for details.
                 C:\Program Files\Microsoft Visual Studio 10.0\VC\include\stdio.h(253): см. объявление "fscanf"
     1>lib.cpp(457): warning C4305: инициализация: усечение из "double" к "float"
     1>lib.cpp(464): warning C4244: =: преобразование "float" в "int", возможна потеря данных
     1>lib.cpp(474): warning C4244: =: преобразование "float" в "int", возможна потеря данных
     1>lib.cpp(486): warning C4305: инициализация: усечение из "double" к "float"
     1>lib.cpp(503): warning C4305: =: усечение из "double" к "float"
     1>lib.cpp(513): warning C4305: =: усечение из "double" к "float"
     1>lib.cpp(559): warning C4996: 'fscanf': This function or variable may be unsafe. Consider using fscanf_s instead. To disable deprecation, use _CRT_SECURE_NO_WARNINGS. See online help for details.
                 C:\Program Files\Microsoft Visual Studio 10.0\VC\include\stdio.h(253): см. объявление "fscanf"
     1>lib.cpp(568): warning C4996: 'fscanf': This function or variable may be unsafe. Consider using fscanf_s instead. To disable deprecation, use _CRT_SECURE_NO_WARNINGS. See online help for details.
                 C:\Program Files\Microsoft Visual Studio 10.0\VC\include\stdio.h(253): см. объявление "fscanf"
       ResourceCompile:
         Для всех выходных данных обновления не требуется.
       Link:
         C:\Program Files\Microsoft Visual Studio 10.0\VC\bin\link.exe /ERRORREPORT:PROMPT /OUT:"D:\Study\Programs\VCProjects\CourseProject\Release\CourseProject.exe" /INCREMENTAL:NO /NOLOGO kernel32.lib user32.lib gdi32.lib winspool.lib comdlg32.lib advapi32.lib shell32.lib ole32.lib oleaut32.lib uuid.lib odbc32.lib odbccp32.lib /MANIFEST /ManifestFile:"Release\CourseProject.exe.intermediate.manifest" /MANIFESTUAC:"level='asInvoker' uiAccess='false'" /DEBUG /PDB:"D:\Study\Programs\VCProjects\CourseProject\Release\CourseProject.pdb" /SUBSYSTEM:WINDOWS /OPT:REF /OPT:ICF /LTCG /TLBID:1 /DYNAMICBASE /NXCOMPAT /IMPLIB:"D:\Study\Programs\VCProjects\CourseProject\Release\CourseProject.lib" /MACHINE:X86 Release\CourseProject.res
         Release\CourseProject.obj
         Release\lib.obj
         Release\stdafx.obj
         Создание кода
         Создание кода завершено
         CourseProject.vcxproj -> D:\Study\Programs\VCProjects\CourseProject\Release\CourseProject.exe
       Manifest:
         C:\Program Files\Microsoft SDKs\Windows\v7.0A\bin\mt.exe /nologo /verbose /outputresource:"D:\Study\Programs\VCProjects\CourseProject\Release\CourseProject.exe;#1" /manifest Release\CourseProject.exe.intermediate.manifest
       FinalizeBuildStatus:
         Файл "Release\CourseProject.unsuccessfulbuild" удаляется.
         Обращение к "Release\CourseProject.lastbuildstate".
     1>Построение проекта "D:\Study\Programs\VCProjects\CourseProject\CourseProject\CourseProject.vcxproj" завершено (целевые объекты build).

Построение успешно завершено.

Затраченное время: 00:00:09.72
